Microsoft (R) Macro Assembler Version 14.37.32825.0	    11/26/23 16:05:56
asm2.asm						     Page 1 - 1


				.MODEL FLAT, STDCALL
				includelib kernel32.lib

				ExitProcess PROTO: DWORD
				MessageBoxA PROTO: DWORD, : DWORD, : DWORD, : DWORD

				.STACK 4096

 00000000			.CONST

 00000000			.DATA
 = 00000000			MB_OK EQU 0
 00000000 D1 EB EE E6 E8	ORIGNUMBERS DB "Сложили числа 3 и 5", 0
	   EB E8 20 F7 E8
	   F1 EB E0 20 33
	   20 E8 20 35 00
 00000014 CF EE EB F3 F7	RESULT DB "Получили 8", 0
	   E8 EB E8 20 38
	   00
 0000001F 00000000		HW DD ?

 00000000			.CODE

 00000000			main PROC
 00000000			START:
				    ; Вывод окна с STR1
				    INVOKE MessageBoxA, HW, OFFSET ORIGNUMBERS, OFFSET ORIGNUMBERS, MB_OK

				    ; Выполнение операции сложения
 00000017  B8 00000003		    MOV eax, 3
 0000001C  83 C0 05		    ADD eax, 5

				    ; Конвертация числа в строку
 0000001F  BB 0000001E R	    MOV ebx, OFFSET RESULT + 10
 00000024  B9 0000000A		    MOV ecx, 10
 00000029			    @LOOP:
 00000029  33 D2		    XOR edx, edx
 0000002B  F7 F1		    DIV ecx
 0000002D  80 C2 30		    ADD dl, 30h
 00000030  4B			    DEC ebx
 00000031  88 13		    MOV BYTE PTR [ebx], dl
 00000033  85 C0		    TEST eax, eax
 00000035  75 F2		    JNZ @LOOP

				    ; Вывод окна с STR3 и результатом сложения
				    INVOKE MessageBoxA, HW, OFFSET RESULT, OFFSET RESULT, MB_OK

 0000004E  6A 00		    push 0
 00000050  E8 00000000 E	    call ExitProcess
 00000055			main ENDP
				end main
Microsoft (R) Macro Assembler Version 14.37.32825.0	    11/26/23 16:05:56
asm2.asm						     Symbols 2 - 1




Segments and Groups:

                N a m e                 Size     Length   Align   Combine Class

CONST  . . . . . . . . . . . . .	32 Bit	 00000000 Para	  Public  'CONST'	 ReadOnly
FLAT . . . . . . . . . . . . . .	GROUP
STACK  . . . . . . . . . . . . .	32 Bit	 00001000 Para	  Stack	  'STACK'	 
_DATA  . . . . . . . . . . . . .	32 Bit	 00000023 Para	  Public  'DATA'	
_TEXT  . . . . . . . . . . . . .	32 Bit	 00000055 Para	  Public  'CODE'	


Procedures, parameters, and locals:

                N a m e                 Type     Value    Attr

ExitProcess  . . . . . . . . . .	P Near	 00000000 FLAT	Length= 00000000 External STDCALL
MessageBoxA  . . . . . . . . . .	P Near	 00000000 FLAT	Length= 00000000 External STDCALL
main . . . . . . . . . . . . . .	P Near	 00000000 _TEXT	Length= 00000055 Public STDCALL
  START  . . . . . . . . . . . .	L Near	 00000000 _TEXT	
  @LOOP  . . . . . . . . . . . .	L Near	 00000029 _TEXT	


Symbols:

                N a m e                 Type     Value    Attr

@CodeSize  . . . . . . . . . . .	Number	 00000000h   
@DataSize  . . . . . . . . . . .	Number	 00000000h   
@Interface . . . . . . . . . . .	Number	 00000003h   
@Model . . . . . . . . . . . . .	Number	 00000007h   
@code  . . . . . . . . . . . . .	Text   	 _TEXT
@data  . . . . . . . . . . . . .	Text   	 FLAT
@fardata?  . . . . . . . . . . .	Text   	 FLAT
@fardata . . . . . . . . . . . .	Text   	 FLAT
@stack . . . . . . . . . . . . .	Text   	 FLAT
HW . . . . . . . . . . . . . . .	DWord	 0000001F _DATA	
MB_OK  . . . . . . . . . . . . .	Number	 00000000h   
ORIGNUMBERS  . . . . . . . . . .	Byte	 00000000 _DATA	
RESULT . . . . . . . . . . . . .	Byte	 00000014 _DATA	

	   0 Warnings
	   0 Errors
