Сборка начата 07.12.2023 15:11:43.
Уровень детализации журнала: Normal.     1>Проект "D:\User\Desktop\EverythingForBSTU\Алгоритмы и структуры данных\2-st course, 3-nd semester\Laboratory works\LBR_08\Solution\LBR_08\LBR_08.vcxproj" в узле 2 (целевые объекты Build).
     1>InitializeBuildStatus:
         Создание "Debug\LBR_08.tlog\unsuccessfulbuild", так как было задано "AlwaysCreate".
         Обращение к "Debug\LBR_08.tlog\unsuccessfulbuild".
       ClCompile:
         C:\Program Files\Microsoft Visual Studio\2022\Community\VC\Tools\MSVC\14.37.32822\bin\HostX86\x86\CL.exe /c /ZI /JMC /nologo /W3 /WX- /diagnostics:column /sdl /Od /Oy- /D WIN32 /D _DEBUG /D _CONSOLE /D _UNICODE /D UNICODE /Gm- /EHsc /RTC1 /MDd /GS /fp:precise /Zc:wchar_t /Zc:forScope /Zc:inline /permissive- /Fo"Debug\\" /Fd"Debug\vc143.pdb" /external:W3 /Gd /TP /analyze- /FC /errorReport:prompt Main.cpp
         Main.cpp
     1>D:\User\Desktop\EverythingForBSTU\Алгоритмы и структуры данных\2-st course, 3-nd semester\Laboratory works\LBR_08\Solution\LBR_08\Main.cpp(107,80): warning C4244: аргумент: преобразование "double" в "const unsigned int", возможна потеря данных
     1>D:\User\Desktop\EverythingForBSTU\Алгоритмы и структуры данных\2-st course, 3-nd semester\Laboratory works\LBR_08\Solution\LBR_08\Main.cpp(118,46): warning C4244: аргумент: преобразование "double" в "const unsigned int", возможна потеря данных
     1>D:\User\Desktop\EverythingForBSTU\Алгоритмы и структуры данных\2-st course, 3-nd semester\Laboratory works\LBR_08\Solution\LBR_08\Main.cpp(126,8): warning C4244: инициализация: преобразование "double" в "int", возможна потеря данных
     1>D:\User\Desktop\EverythingForBSTU\Алгоритмы и структуры данных\2-st course, 3-nd semester\Laboratory works\LBR_08\Solution\LBR_08\Main.cpp(131,42): warning C4244: -=: преобразование "double" в "int", возможна потеря данных
     1>D:\User\Desktop\EverythingForBSTU\Алгоритмы и структуры данных\2-st course, 3-nd semester\Laboratory works\LBR_08\Solution\LBR_08\Main.cpp(143,38): warning C4244: аргумент: преобразование "double" в "const unsigned int", возможна потеря данных
       Link:
         C:\Program Files\Microsoft Visual Studio\2022\Community\VC\Tools\MSVC\14.37.32822\bin\HostX86\x86\link.exe /ERRORREPORT:PROMPT /OUT:"D:\User\Desktop\EverythingForBSTU\Алгоритмы и структуры данных\2-st course, 3-nd semester\Laboratory works\LBR_08\Solution\LBR_08\Debug\LBR_08.exe" /INCREMENTAL /ILK:"Debug\LBR_08.ilk" /NOLOGO kernel32.lib user32.lib gdi32.lib winspool.lib comdlg32.lib advapi32.lib shell32.lib ole32.lib oleaut32.lib uuid.lib odbc32.lib odbccp32.lib /MANIFEST /MANIFESTUAC:"level='asInvoker' uiAccess='false'" /manifest:embed /DEBUG /PDB:"D:\User\Desktop\EverythingForBSTU\Алгоритмы и структуры данных\2-st course, 3-nd semester\Laboratory works\LBR_08\Solution\LBR_08\Debug\LBR_08.pdb" /SUBSYSTEM:CONSOLE /TLBID:1 /DYNAMICBASE /NXCOMPAT /IMPLIB:"D:\User\Desktop\EverythingForBSTU\Алгоритмы и структуры данных\2-st course, 3-nd semester\Laboratory works\LBR_08\Solution\LBR_08\Debug\LBR_08.lib" /MACHINE:X86 Debug\Main.obj
         Debug\NumberCheck.obj
         LBR_08.vcxproj -> D:\User\Desktop\EverythingForBSTU\Алгоритмы и структуры данных\2-st course, 3-nd semester\Laboratory works\LBR_08\Solution\LBR_08\Debug\LBR_08.exe
       FinalizeBuildStatus:
         Файл "Debug\LBR_08.tlog\unsuccessfulbuild" удаляется.
         Обращение к "Debug\LBR_08.tlog\LBR_08.lastbuildstate".
     1>Сборка проекта "D:\User\Desktop\EverythingForBSTU\Алгоритмы и структуры данных\2-st course, 3-nd semester\Laboratory works\LBR_08\Solution\LBR_08\LBR_08.vcxproj" завершена (целевые объекты Build).

Сборка успешно завершена.

       "D:\User\Desktop\EverythingForBSTU\Алгоритмы и структуры данных\2-st course, 3-nd semester\Laboratory works\LBR_08\Solution\LBR_08\LBR_08.vcxproj" (целевой объект Build ) (1) ->
       (Целевой объект ClCompile) -> 
         D:\User\Desktop\EverythingForBSTU\Алгоритмы и структуры данных\2-st course, 3-nd semester\Laboratory works\LBR_08\Solution\LBR_08\Main.cpp(107,80): warning C4244: аргумент: преобразование "double" в "const unsigned int", возможна потеря данных
         D:\User\Desktop\EverythingForBSTU\Алгоритмы и структуры данных\2-st course, 3-nd semester\Laboratory works\LBR_08\Solution\LBR_08\Main.cpp(118,46): warning C4244: аргумент: преобразование "double" в "const unsigned int", возможна потеря данных
         D:\User\Desktop\EverythingForBSTU\Алгоритмы и структуры данных\2-st course, 3-nd semester\Laboratory works\LBR_08\Solution\LBR_08\Main.cpp(126,8): warning C4244: инициализация: преобразование "double" в "int", возможна потеря данных
         D:\User\Desktop\EverythingForBSTU\Алгоритмы и структуры данных\2-st course, 3-nd semester\Laboratory works\LBR_08\Solution\LBR_08\Main.cpp(131,42): warning C4244: -=: преобразование "double" в "int", возможна потеря данных
         D:\User\Desktop\EverythingForBSTU\Алгоритмы и структуры данных\2-st course, 3-nd semester\Laboratory works\LBR_08\Solution\LBR_08\Main.cpp(143,38): warning C4244: аргумент: преобразование "double" в "const unsigned int", возможна потеря данных

    Предупреждений: 5
    Ошибок: 0

Прошло времени 00:00:01.11
