Сборка начата 29.12.2023 20:05:51.
Уровень детализации журнала: Normal.     1>Проект "D:\User\Desktop\EverythingForBSTU\Компьютерные системы и сети\2-ый курс 3-ой семестр\LBR_08\Solution\LBR_08\LBR_08.vcxproj" в узле 2 (целевые объекты Build).
     1>InitializeBuildStatus:
         Создание "Debug\LBR_08.tlog\unsuccessfulbuild", так как было задано "AlwaysCreate".
         Обращение к "Debug\LBR_08.tlog\unsuccessfulbuild".
       ClCompile:
         C:\Program Files\Microsoft Visual Studio\2022\Community\VC\Tools\MSVC\14.37.32822\bin\HostX86\x86\CL.exe /c /ZI /JMC /nologo /W3 /WX- /diagnostics:column /sdl /Od /Oy- /D WIN32 /D _DEBUG /D _CONSOLE /D _UNICODE /D UNICODE /Gm- /EHsc /RTC1 /MDd /GS /fp:precise /Zc:wchar_t /Zc:forScope /Zc:inline /permissive- /Fo"Debug\\" /Fd"Debug\vc143.pdb" /external:W3 /Gd /TP /analyze- /FC /errorReport:prompt CheckingAddress.cpp CheckingSubnetMask.cpp ConvertationToAnotherDataType.cpp GettingIPAdresses.cpp Main.cpp
         CheckingAddress.cpp
         CheckingSubnetMask.cpp
         ConvertationToAnotherDataType.cpp
         GettingIPAdresses.cpp
         Main.cpp
         Создание кода...
       Link:
         C:\Program Files\Microsoft Visual Studio\2022\Community\VC\Tools\MSVC\14.37.32822\bin\HostX86\x86\link.exe /ERRORREPORT:PROMPT /OUT:"D:\User\Desktop\EverythingForBSTU\Компьютерные системы и сети\2-ый курс 3-ой семестр\LBR_08\Solution\LBR_08\Debug\LBR_08.exe" /INCREMENTAL /ILK:"Debug\LBR_08.ilk" /NOLOGO kernel32.lib user32.lib gdi32.lib winspool.lib comdlg32.lib advapi32.lib shell32.lib ole32.lib oleaut32.lib uuid.lib odbc32.lib odbccp32.lib /MANIFEST /MANIFESTUAC:"level='asInvoker' uiAccess='false'" /manifest:embed /DEBUG /PDB:"D:\User\Desktop\EverythingForBSTU\Компьютерные системы и сети\2-ый курс 3-ой семестр\LBR_08\Solution\LBR_08\Debug\LBR_08.pdb" /SUBSYSTEM:CONSOLE /TLBID:1 /DYNAMICBASE /NXCOMPAT /IMPLIB:"D:\User\Desktop\EverythingForBSTU\Компьютерные системы и сети\2-ый курс 3-ой семестр\LBR_08\Solution\LBR_08\Debug\LBR_08.lib" /MACHINE:X86 Debug\CheckingAddress.obj
         Debug\CheckingSubnetMask.obj
         Debug\ConvertationToAnotherDataType.obj
         Debug\GettingIPAdresses.obj
         Debug\Main.obj
         LBR_08.vcxproj -> D:\User\Desktop\EverythingForBSTU\Компьютерные системы и сети\2-ый курс 3-ой семестр\LBR_08\Solution\LBR_08\Debug\LBR_08.exe
       TlogCleanup:
         Следующие элементы будут удалены из tlogs, так как они были удалены из проекта или сборки: D:\User\Desktop\Solution\LBR_08\CheckingAddress.cpp.
       FinalizeBuildStatus:
         Файл "Debug\LBR_08.tlog\unsuccessfulbuild" удаляется.
         Обращение к "Debug\LBR_08.tlog\LBR_08.lastbuildstate".
     1>Сборка проекта "D:\User\Desktop\EverythingForBSTU\Компьютерные системы и сети\2-ый курс 3-ой семестр\LBR_08\Solution\LBR_08\LBR_08.vcxproj" завершена (целевые объекты Build).

Сборка успешно завершена.
    Предупреждений: 0
    Ошибок: 0

Прошло времени 00:00:03.13
