Сборка начата 26.11.2023 16:11:15.
Уровень детализации журнала: Normal.     1>Проект "D:\User\Desktop\EverythingForBSTU\Narkevich\КПО\2-ой курс 3-ий семестр\LaboratoryWorks\Assembler\LBR_02_asm\Solution\SeparateDirectory\SEAsm02\SEAsm02.vcxproj" в узле 2 (целевые объекты Build).
     1>InitializeBuildStatus:
         Создание "Debug\SEAsm02.tlog\unsuccessfulbuild", так как было задано "AlwaysCreate".
         Обращение к "Debug\SEAsm02.tlog\unsuccessfulbuild".
       _MASM:
         Assembling asm2.cpp...
         cmd.exe /C "C:\Users\User\AppData\Local\Temp\tmp1d87342db2594ec0b341077c9d4f4949.cmd"
         ml.exe /c /nologo /Zi /Fo"Debug\asm2.obj" /W3 /errorReport:prompt  /Taasm2.cpp
       Link:
         C:\Program Files\Microsoft Visual Studio\2022\Community\VC\Tools\MSVC\14.37.32822\bin\HostX86\x86\link.exe /ERRORREPORT:PROMPT /OUT:"D:\User\Desktop\EverythingForBSTU\Narkevich\КПО\2-ой курс 3-ий семестр\LaboratoryWorks\Assembler\LBR_02_asm\Solution\SeparateDirectory\SEAsm02\Debug\SEAsm02.exe" /INCREMENTAL /ILK:"Debug\SEAsm02.ilk" /NOLOGO kernel32.lib user32.lib gdi32.lib winspool.lib comdlg32.lib advapi32.lib shell32.lib ole32.lib oleaut32.lib uuid.lib odbc32.lib odbccp32.lib /MANIFEST /MANIFESTUAC:"level='asInvoker' uiAccess='false'" /manifest:embed /DEBUG /PDB:"D:\User\Desktop\EverythingForBSTU\Narkevich\КПО\2-ой курс 3-ий семестр\LaboratoryWorks\Assembler\LBR_02_asm\Solution\SeparateDirectory\SEAsm02\Debug\SEAsm02.pdb" /SUBSYSTEM:CONSOLE /TLBID:1 /DYNAMICBASE /NXCOMPAT /IMPLIB:"D:\User\Desktop\EverythingForBSTU\Narkevich\КПО\2-ой курс 3-ий семестр\LaboratoryWorks\Assembler\LBR_02_asm\Solution\SeparateDirectory\SEAsm02\Debug\SEAsm02.lib" /MACHINE:X86 Debug\asm2.obj
         SEAsm02.vcxproj -> D:\User\Desktop\EverythingForBSTU\Narkevich\КПО\2-ой курс 3-ий семестр\LaboratoryWorks\Assembler\LBR_02_asm\Solution\SeparateDirectory\SEAsm02\Debug\SEAsm02.exe
       FinalizeBuildStatus:
         Файл "Debug\SEAsm02.tlog\unsuccessfulbuild" удаляется.
         Обращение к "Debug\SEAsm02.tlog\SEAsm02.lastbuildstate".
     1>Сборка проекта "D:\User\Desktop\EverythingForBSTU\Narkevich\КПО\2-ой курс 3-ий семестр\LaboratoryWorks\Assembler\LBR_02_asm\Solution\SeparateDirectory\SEAsm02\SEAsm02.vcxproj" завершена (целевые объекты Build).

Сборка успешно завершена.
    Предупреждений: 0
    Ошибок: 0

Прошло времени 00:00:00.82
