Сборка начата 24.11.2023 16:07:06.
Уровень детализации журнала: Normal.     1>Проект "D:\User\Desktop\laba_17\laba_17\laba_17.vcxproj" в узле 2 (целевые объекты Build).
     1>InitializeBuildStatus:
         Создание "Debug\laba_17.tlog\unsuccessfulbuild", так как было задано "AlwaysCreate".
         Обращение к "Debug\laba_17.tlog\unsuccessfulbuild".
       ClCompile:
         C:\Program Files\Microsoft Visual Studio\2022\Community\VC\Tools\MSVC\14.37.32822\bin\HostX86\x86\CL.exe /c /ZI /JMC /nologo /W3 /WX- /diagnostics:column /sdl /Od /Oy- /D WIN32 /D _DEBUG /D _CONSOLE /D _UNICODE /D UNICODE /Gm- /EHsc /RTC1 /MDd /GS /fp:precise /Zc:wchar_t /Zc:forScope /Zc:inline /permissive- /Fo"Debug\\" /Fd"Debug\vc143.pdb" /external:W3 /Gd /TP /analyze- /FC /errorReport:prompt laba_17.cpp
         laba_17.cpp
     1>D:\User\Desktop\laba_17\laba_17\laba_17.cpp(19,9): warning C4102: Log: неиспользованная метка
       Link:
         C:\Program Files\Microsoft Visual Studio\2022\Community\VC\Tools\MSVC\14.37.32822\bin\HostX86\x86\link.exe /ERRORREPORT:PROMPT /OUT:"D:\User\Desktop\laba_17\Debug\laba_17.exe" /INCREMENTAL /ILK:"Debug\laba_17.ilk" /NOLOGO kernel32.lib user32.lib gdi32.lib winspool.lib comdlg32.lib advapi32.lib shell32.lib ole32.lib oleaut32.lib uuid.lib odbc32.lib odbccp32.lib /MANIFEST /MANIFESTUAC:"level='asInvoker' uiAccess='false'" /manifest:embed /DEBUG /PDB:"D:\User\Desktop\laba_17\Debug\laba_17.pdb" /SUBSYSTEM:CONSOLE /TLBID:1 /DYNAMICBASE /NXCOMPAT /IMPLIB:"D:\User\Desktop\laba_17\Debug\laba_17.lib" /MACHINE:X86 Debug\Error.obj
         Debug\FST.obj
         Debug\In.obj
         Debug\IT.obj
         Debug\laba_17.obj
         Debug\Lexer.obj
         Debug\Log.obj
         Debug\LT.obj
         Debug\Out.obj
         Debug\Parm.obj
         laba_17.vcxproj -> D:\User\Desktop\laba_17\Debug\laba_17.exe
       FinalizeBuildStatus:
         Файл "Debug\laba_17.tlog\unsuccessfulbuild" удаляется.
         Обращение к "Debug\laba_17.tlog\laba_17.lastbuildstate".
     1>Сборка проекта "D:\User\Desktop\laba_17\laba_17\laba_17.vcxproj" завершена (целевые объекты Build).

Сборка успешно завершена.

       "D:\User\Desktop\laba_17\laba_17\laba_17.vcxproj" (целевой объект Build ) (1) ->
       (Целевой объект ClCompile) -> 
         D:\User\Desktop\laba_17\laba_17\laba_17.cpp(19,9): warning C4102: Log: неиспользованная метка

    Предупреждений: 1
    Ошибок: 0

Прошло времени 00:00:01.60
