Сборка начата 08.12.2023 16:28:29.
Уровень детализации журнала: Normal.     1>Проект "D:\User\Desktop\EverythingForBSTU\Narkevich\КПО\2-ой курс 3-ий семестр\LaboratoryWorks\Assembler\LBR_04_asm\Solution\MasmLBR_04\Deserializator\Deserializator.vcxproj" в узле 2 (целевые объекты Build).
     1>InitializeBuildStatus:
         Обращение к "Debug\Deserialization.tlog\unsuccessfulbuild".
       ClCompile:
         C:\Program Files\Microsoft Visual Studio\2022\Community\VC\Tools\MSVC\14.37.32822\bin\HostX86\x86\CL.exe /c /ZI /JMC /nologo /W3 /WX- /diagnostics:column /sdl /Od /Oy- /D WIN32 /D _DEBUG /D _CONSOLE /D _UNICODE /D UNICODE /Gm- /EHsc /RTC1 /MDd /GS /fp:precise /Zc:wchar_t /Zc:forScope /Zc:inline /permissive- /Fo"Debug\\" /Fd"Debug\vc143.pdb" /external:W3 /Gd /TP /analyze- /FC /errorReport:prompt Deserializer.cpp
         Deserializer.cpp
       Link:
         C:\Program Files\Microsoft Visual Studio\2022\Community\VC\Tools\MSVC\14.37.32822\bin\HostX86\x86\link.exe /ERRORREPORT:PROMPT /OUT:"D:\User\Desktop\EverythingForBSTU\Narkevich\КПО\2-ой курс 3-ий семестр\LaboratoryWorks\Assembler\LBR_04_asm\Solution\MasmLBR_04\Debug\Deserialization.exe" /INCREMENTAL /ILK:"Debug\Deserialization.ilk" /NOLOGO kernel32.lib user32.lib gdi32.lib winspool.lib comdlg32.lib advapi32.lib shell32.lib ole32.lib oleaut32.lib uuid.lib odbc32.lib odbccp32.lib /MANIFEST /MANIFESTUAC:"level='asInvoker' uiAccess='false'" /manifest:embed /DEBUG /PDB:"D:\User\Desktop\EverythingForBSTU\Narkevich\КПО\2-ой курс 3-ий семестр\LaboratoryWorks\Assembler\LBR_04_asm\Solution\MasmLBR_04\Debug\Deserialization.pdb" /SUBSYSTEM:CONSOLE /TLBID:1 /DYNAMICBASE /NXCOMPAT /IMPLIB:"D:\User\Desktop\EverythingForBSTU\Narkevich\КПО\2-ой курс 3-ий семестр\LaboratoryWorks\Assembler\LBR_04_asm\Solution\MasmLBR_04\Debug\Deserialization.lib" /MACHINE:X86 Debug\Deserializer.obj
         Debug\Main.obj
         Debug\ReadingDataFromFile.obj
         Deserializator.vcxproj -> D:\User\Desktop\EverythingForBSTU\Narkevich\КПО\2-ой курс 3-ий семестр\LaboratoryWorks\Assembler\LBR_04_asm\Solution\MasmLBR_04\Debug\Deserialization.exe
       FinalizeBuildStatus:
         Файл "Debug\Deserialization.tlog\unsuccessfulbuild" удаляется.
         Обращение к "Debug\Deserialization.tlog\Deserialization.lastbuildstate".
     1>Сборка проекта "D:\User\Desktop\EverythingForBSTU\Narkevich\КПО\2-ой курс 3-ий семестр\LaboratoryWorks\Assembler\LBR_04_asm\Solution\MasmLBR_04\Deserializator\Deserializator.vcxproj" завершена (целевые объекты Build).

Сборка успешно завершена.
    Предупреждений: 0
    Ошибок: 0

Прошло времени 00:00:01.03
