Сборка начата 23.12.2023 14:32:50.
Уровень детализации журнала: Normal.     1>Проект "D:\User\Desktop\SMA-2023\Solution\MASMCODE\MASMCODE.vcxproj" в узле 2 (целевые объекты Build).
     1>InitializeBuildStatus:
         Создание "Debug\MASMCODE.tlog\unsuccessfulbuild", так как было задано "AlwaysCreate".
         Обращение к "Debug\MASMCODE.tlog\unsuccessfulbuild".
       _MASM:
         Assembling ..\SMA-2023\Debug\program.txt.out.asm...
         cmd.exe /C "C:\Users\User\AppData\Local\Temp\tmpf5ddec980a1548c4b1ce985dd500e00f.cmd"
         ml.exe /c /nologo /Zi /Fo"Debug\program.txt.out.obj" /W3 /errorReport:prompt  /Ta"..\SMA-2023\Debug\program.txt.out.asm"
       Link:
         C:\Program Files\Microsoft Visual Studio\2022\Community\VC\Tools\MSVC\14.37.32822\bin\HostX86\x86\link.exe /ERRORREPORT:PROMPT /OUT:"D:\User\Desktop\SMA-2023\Solution\SMA-2023\Debug\MASMCODE.exe" /INCREMENTAL /ILK:"Debug\MASMCODE.ilk" /NOLOGO kernel32.lib user32.lib gdi32.lib winspool.lib comdlg32.lib advapi32.lib shell32.lib ole32.lib oleaut32.lib uuid.lib odbc32.lib odbccp32.lib /MANIFEST /MANIFESTUAC:"level='asInvoker' uiAccess='false'" /manifest:embed /DEBUG /PDB:"D:\User\Desktop\SMA-2023\Solution\SMA-2023\Debug\MASMCODE.pdb" /SUBSYSTEM:CONSOLE /TLBID:1 /DYNAMICBASE /NXCOMPAT /IMPLIB:"D:\User\Desktop\SMA-2023\Solution\SMA-2023\Debug\MASMCODE.lib" /MACHINE:X86 Debug\program.txt.out.obj
         MASMCODE.vcxproj -> D:\User\Desktop\SMA-2023\Solution\SMA-2023\Debug\MASMCODE.exe
       FinalizeBuildStatus:
         Файл "Debug\MASMCODE.tlog\unsuccessfulbuild" удаляется.
         Обращение к "Debug\MASMCODE.tlog\MASMCODE.lastbuildstate".
     1>Сборка проекта "D:\User\Desktop\SMA-2023\Solution\MASMCODE\MASMCODE.vcxproj" завершена (целевые объекты Build).

Сборка успешно завершена.
    Предупреждений: 0
    Ошибок: 0

Прошло времени 00:00:00.40
