Сборка начата 28.09.2023 15:12:30.
Уровень детализации журнала: Normal.     1>Проект "D:\User\Desktop\Everythin' for BSTU\Алгоритмы и структуры данных\2-st course, 3-nd semester\Laboratory works\LBR_03\Решение\LBR_03\LBR_03.vcxproj" в узле 2 (целевые объекты Build).
     1>InitializeBuildStatus:
         Создание "x64\Debug\LBR_03.tlog\unsuccessfulbuild", так как было задано "AlwaysCreate".
         Обращение к "x64\Debug\LBR_03.tlog\unsuccessfulbuild".
       ClCompile:
         C:\Program Files\Microsoft Visual Studio\2022\Community\VC\Tools\MSVC\14.37.32822\bin\HostX64\x64\CL.exe /c /ZI /JMC /nologo /W3 /WX- /diagnostics:column /sdl /Od /D _DEBUG /D _CONSOLE /D _UNICODE /D UNICODE /Gm- /EHsc /RTC1 /MDd /GS /fp:precise /Zc:wchar_t /Zc:forScope /Zc:inline /permissive- /Fo"x64\Debug\\" /Fd"x64\Debug\vc143.pdb" /external:W3 /Gd /TP /FC /errorReport:prompt Solution.cpp
         Solution.cpp
     1>D:\User\Desktop\Everythin' for BSTU\Алгоритмы и структуры данных\2-st course, 3-nd semester\Laboratory works\LBR_03\Решение\LBR_03\Solution.cpp(32,19): warning C4244: инициализация: преобразование "__int64" в "int", возможна потеря данных
       Link:
         C:\Program Files\Microsoft Visual Studio\2022\Community\VC\Tools\MSVC\14.37.32822\bin\HostX64\x64\link.exe /ERRORREPORT:PROMPT /OUT:"D:\User\Desktop\Everythin' for BSTU\Алгоритмы и структуры данных\2-st course, 3-nd semester\Laboratory works\LBR_03\Решение\LBR_03\x64\Debug\LBR_03.exe" /INCREMENTAL /ILK:"x64\Debug\LBR_03.ilk" /NOLOGO kernel32.lib user32.lib gdi32.lib winspool.lib comdlg32.lib advapi32.lib shell32.lib ole32.lib oleaut32.lib uuid.lib odbc32.lib odbccp32.lib /MANIFEST /MANIFESTUAC:"level='asInvoker' uiAccess='false'" /manifest:embed /DEBUG /PDB:"D:\User\Desktop\Everythin' for BSTU\Алгоритмы и структуры данных\2-st course, 3-nd semester\Laboratory works\LBR_03\Решение\LBR_03\x64\Debug\LBR_03.pdb" /SUBSYSTEM:CONSOLE /TLBID:1 /DYNAMICBASE /NXCOMPAT /IMPLIB:"D:\User\Desktop\Everythin' for BSTU\Алгоритмы и структуры данных\2-st course, 3-nd semester\Laboratory works\LBR_03\Решение\LBR_03\x64\Debug\LBR_03.lib" /MACHINE:X64 x64\Debug\Solution.obj
         LBR_03.vcxproj -> D:\User\Desktop\Everythin' for BSTU\Алгоритмы и структуры данных\2-st course, 3-nd semester\Laboratory works\LBR_03\Решение\LBR_03\x64\Debug\LBR_03.exe
       FinalizeBuildStatus:
         Файл "x64\Debug\LBR_03.tlog\unsuccessfulbuild" удаляется.
         Обращение к "x64\Debug\LBR_03.tlog\LBR_03.lastbuildstate".
     1>Сборка проекта "D:\User\Desktop\Everythin' for BSTU\Алгоритмы и структуры данных\2-st course, 3-nd semester\Laboratory works\LBR_03\Решение\LBR_03\LBR_03.vcxproj" завершена (целевые объекты Build).

Сборка успешно завершена.

       "D:\User\Desktop\Everythin' for BSTU\Алгоритмы и структуры данных\2-st course, 3-nd semester\Laboratory works\LBR_03\Решение\LBR_03\LBR_03.vcxproj" (целевой объект Build ) (1) ->
       (Целевой объект ClCompile) -> 
         D:\User\Desktop\Everythin' for BSTU\Алгоритмы и структуры данных\2-st course, 3-nd semester\Laboratory works\LBR_03\Решение\LBR_03\Solution.cpp(32,19): warning C4244: инициализация: преобразование "__int64" в "int", возможна потеря данных

    Предупреждений: 1
    Ошибок: 0

Прошло времени 00:00:00.91
