Сборка начата 19.10.2023 14:45:31.
Уровень детализации журнала: Normal.     1>Проект "D:\User\Desktop\EverythingForBSTU\Алгоритмы и структуры данных\2-st course, 3-nd semester\Laboratory works\LBR_04\Solution\LBR_04\LBR_04.vcxproj" в узле 2 (целевые объекты Build).
     1>InitializeBuildStatus:
         Создание "Debug\LBR_04.tlog\unsuccessfulbuild", так как было задано "AlwaysCreate".
         Обращение к "Debug\LBR_04.tlog\unsuccessfulbuild".
       ClCompile:
         C:\Program Files\Microsoft Visual Studio\2022\Community\VC\Tools\MSVC\14.37.32822\bin\HostX86\x86\CL.exe /c /ZI /JMC /nologo /W3 /WX- /diagnostics:column /sdl /Od /Oy- /D WIN32 /D _DEBUG /D _CONSOLE /D _UNICODE /D UNICODE /Gm- /EHsc /RTC1 /MDd /GS /fp:precise /Zc:wchar_t /Zc:forScope /Zc:inline /permissive- /Fo"Debug\\" /Fd"Debug\vc143.pdb" /external:W3 /Gd /TP /analyze- /FC /errorReport:prompt Graph.cpp
         Graph.cpp
     1>D:\User\Desktop\EverythingForBSTU\Алгоритмы и структуры данных\2-st course, 3-nd semester\Laboratory works\LBR_04\Solution\LBR_04\Graph.cpp(42,34): warning C4244: аргумент: преобразование "float" в "const unsigned int", возможна потеря данных
     1>D:\User\Desktop\EverythingForBSTU\Алгоритмы и структуры данных\2-st course, 3-nd semester\Laboratory works\LBR_04\Solution\LBR_04\Graph.cpp(42,37): warning C4244: аргумент: преобразование "float" в "const unsigned int", возможна потеря данных
     1>D:\User\Desktop\EverythingForBSTU\Алгоритмы и структуры данных\2-st course, 3-nd semester\Laboratory works\LBR_04\Solution\LBR_04\Graph.cpp(47,48): warning C4244: аргумент: преобразование "float" в "const unsigned int", возможна потеря данных
     1>D:\User\Desktop\EverythingForBSTU\Алгоритмы и структуры данных\2-st course, 3-nd semester\Laboratory works\LBR_04\Solution\LBR_04\Graph.cpp(47,51): warning C4244: аргумент: преобразование "float" в "const unsigned int", возможна потеря данных
     1>D:\User\Desktop\EverythingForBSTU\Алгоритмы и структуры данных\2-st course, 3-nd semester\Laboratory works\LBR_04\Solution\LBR_04\Graph.cpp(50,28): warning C4244: аргумент: преобразование "float" в "const unsigned int", возможна потеря данных
     1>D:\User\Desktop\EverythingForBSTU\Алгоритмы и структуры данных\2-st course, 3-nd semester\Laboratory works\LBR_04\Solution\LBR_04\Graph.cpp(50,31): warning C4244: аргумент: преобразование "float" в "const unsigned int", возможна потеря данных
     1>D:\User\Desktop\EverythingForBSTU\Алгоритмы и структуры данных\2-st course, 3-nd semester\Laboratory works\LBR_04\Solution\LBR_04\Graph.cpp(50,44): warning C4244: аргумент: преобразование "float" в "const unsigned int", возможна потеря данных
     1>D:\User\Desktop\EverythingForBSTU\Алгоритмы и структуры данных\2-st course, 3-nd semester\Laboratory works\LBR_04\Solution\LBR_04\Graph.cpp(50,47): warning C4244: аргумент: преобразование "float" в "const unsigned int", возможна потеря данных
     1>D:\User\Desktop\EverythingForBSTU\Алгоритмы и структуры данных\2-st course, 3-nd semester\Laboratory works\LBR_04\Solution\LBR_04\Graph.cpp(50,59): warning C4244: аргумент: преобразование "float" в "const unsigned int", возможна потеря данных
     1>D:\User\Desktop\EverythingForBSTU\Алгоритмы и структуры данных\2-st course, 3-nd semester\Laboratory works\LBR_04\Solution\LBR_04\Graph.cpp(50,62): warning C4244: аргумент: преобразование "float" в "const unsigned int", возможна потеря данных
     1>D:\User\Desktop\EverythingForBSTU\Алгоритмы и структуры данных\2-st course, 3-nd semester\Laboratory works\LBR_04\Solution\LBR_04\Graph.cpp(52,28): warning C4244: аргумент: преобразование "float" в "const unsigned int", возможна потеря данных
     1>D:\User\Desktop\EverythingForBSTU\Алгоритмы и структуры данных\2-st course, 3-nd semester\Laboratory works\LBR_04\Solution\LBR_04\Graph.cpp(52,31): warning C4244: аргумент: преобразование "float" в "const unsigned int", возможна потеря данных
     1>D:\User\Desktop\EverythingForBSTU\Алгоритмы и структуры данных\2-st course, 3-nd semester\Laboratory works\LBR_04\Solution\LBR_04\Graph.cpp(52,43): warning C4244: аргумент: преобразование "float" в "const unsigned int", возможна потеря данных
     1>D:\User\Desktop\EverythingForBSTU\Алгоритмы и структуры данных\2-st course, 3-nd semester\Laboratory works\LBR_04\Solution\LBR_04\Graph.cpp(52,46): warning C4244: аргумент: преобразование "float" в "const unsigned int", возможна потеря данных
     1>D:\User\Desktop\EverythingForBSTU\Алгоритмы и структуры данных\2-st course, 3-nd semester\Laboratory works\LBR_04\Solution\LBR_04\Graph.cpp(52,58): warning C4244: аргумент: преобразование "float" в "const unsigned int", возможна потеря данных
     1>D:\User\Desktop\EverythingForBSTU\Алгоритмы и структуры данных\2-st course, 3-nd semester\Laboratory works\LBR_04\Solution\LBR_04\Graph.cpp(52,61): warning C4244: аргумент: преобразование "float" в "const unsigned int", возможна потеря данных
     1>D:\User\Desktop\EverythingForBSTU\Алгоритмы и структуры данных\2-st course, 3-nd semester\Laboratory works\LBR_04\Solution\LBR_04\Graph.cpp(53,40): warning C4244: аргумент: преобразование "float" в "const unsigned int", возможна потеря данных
     1>D:\User\Desktop\EverythingForBSTU\Алгоритмы и структуры данных\2-st course, 3-nd semester\Laboratory works\LBR_04\Solution\LBR_04\Graph.cpp(53,43): warning C4244: аргумент: преобразование "float" в "const unsigned int", возможна потеря данных
       Link:
         C:\Program Files\Microsoft Visual Studio\2022\Community\VC\Tools\MSVC\14.37.32822\bin\HostX86\x86\link.exe /ERRORREPORT:PROMPT /OUT:"D:\User\Desktop\EverythingForBSTU\Алгоритмы и структуры данных\2-st course, 3-nd semester\Laboratory works\LBR_04\Solution\LBR_04\Debug\LBR_04.exe" /INCREMENTAL /ILK:"Debug\LBR_04.ilk" /NOLOGO kernel32.lib user32.lib gdi32.lib winspool.lib comdlg32.lib advapi32.lib shell32.lib ole32.lib oleaut32.lib uuid.lib odbc32.lib odbccp32.lib /MANIFEST /MANIFESTUAC:"level='asInvoker' uiAccess='false'" /manifest:embed /DEBUG /PDB:"D:\User\Desktop\EverythingForBSTU\Алгоритмы и структуры данных\2-st course, 3-nd semester\Laboratory works\LBR_04\Solution\LBR_04\Debug\LBR_04.pdb" /SUBSYSTEM:CONSOLE /TLBID:1 /DYNAMICBASE /NXCOMPAT /IMPLIB:"D:\User\Desktop\EverythingForBSTU\Алгоритмы и структуры данных\2-st course, 3-nd semester\Laboratory works\LBR_04\Solution\LBR_04\Debug\LBR_04.lib" /MACHINE:X86 Debug\Graph.obj
         Debug\Main.obj
         LBR_04.vcxproj -> D:\User\Desktop\EverythingForBSTU\Алгоритмы и структуры данных\2-st course, 3-nd semester\Laboratory works\LBR_04\Solution\LBR_04\Debug\LBR_04.exe
       FinalizeBuildStatus:
         Файл "Debug\LBR_04.tlog\unsuccessfulbuild" удаляется.
         Обращение к "Debug\LBR_04.tlog\LBR_04.lastbuildstate".
     1>Сборка проекта "D:\User\Desktop\EverythingForBSTU\Алгоритмы и структуры данных\2-st course, 3-nd semester\Laboratory works\LBR_04\Solution\LBR_04\LBR_04.vcxproj" завершена (целевые объекты Build).

Сборка успешно завершена.

       "D:\User\Desktop\EverythingForBSTU\Алгоритмы и структуры данных\2-st course, 3-nd semester\Laboratory works\LBR_04\Solution\LBR_04\LBR_04.vcxproj" (целевой объект Build ) (1) ->
       (Целевой объект ClCompile) -> 
         D:\User\Desktop\EverythingForBSTU\Алгоритмы и структуры данных\2-st course, 3-nd semester\Laboratory works\LBR_04\Solution\LBR_04\Graph.cpp(42,34): warning C4244: аргумент: преобразование "float" в "const unsigned int", возможна потеря данных
         D:\User\Desktop\EverythingForBSTU\Алгоритмы и структуры данных\2-st course, 3-nd semester\Laboratory works\LBR_04\Solution\LBR_04\Graph.cpp(42,37): warning C4244: аргумент: преобразование "float" в "const unsigned int", возможна потеря данных
         D:\User\Desktop\EverythingForBSTU\Алгоритмы и структуры данных\2-st course, 3-nd semester\Laboratory works\LBR_04\Solution\LBR_04\Graph.cpp(47,48): warning C4244: аргумент: преобразование "float" в "const unsigned int", возможна потеря данных
         D:\User\Desktop\EverythingForBSTU\Алгоритмы и структуры данных\2-st course, 3-nd semester\Laboratory works\LBR_04\Solution\LBR_04\Graph.cpp(47,51): warning C4244: аргумент: преобразование "float" в "const unsigned int", возможна потеря данных
         D:\User\Desktop\EverythingForBSTU\Алгоритмы и структуры данных\2-st course, 3-nd semester\Laboratory works\LBR_04\Solution\LBR_04\Graph.cpp(50,28): warning C4244: аргумент: преобразование "float" в "const unsigned int", возможна потеря данных
         D:\User\Desktop\EverythingForBSTU\Алгоритмы и структуры данных\2-st course, 3-nd semester\Laboratory works\LBR_04\Solution\LBR_04\Graph.cpp(50,31): warning C4244: аргумент: преобразование "float" в "const unsigned int", возможна потеря данных
         D:\User\Desktop\EverythingForBSTU\Алгоритмы и структуры данных\2-st course, 3-nd semester\Laboratory works\LBR_04\Solution\LBR_04\Graph.cpp(50,44): warning C4244: аргумент: преобразование "float" в "const unsigned int", возможна потеря данных
         D:\User\Desktop\EverythingForBSTU\Алгоритмы и структуры данных\2-st course, 3-nd semester\Laboratory works\LBR_04\Solution\LBR_04\Graph.cpp(50,47): warning C4244: аргумент: преобразование "float" в "const unsigned int", возможна потеря данных
         D:\User\Desktop\EverythingForBSTU\Алгоритмы и структуры данных\2-st course, 3-nd semester\Laboratory works\LBR_04\Solution\LBR_04\Graph.cpp(50,59): warning C4244: аргумент: преобразование "float" в "const unsigned int", возможна потеря данных
         D:\User\Desktop\EverythingForBSTU\Алгоритмы и структуры данных\2-st course, 3-nd semester\Laboratory works\LBR_04\Solution\LBR_04\Graph.cpp(50,62): warning C4244: аргумент: преобразование "float" в "const unsigned int", возможна потеря данных
         D:\User\Desktop\EverythingForBSTU\Алгоритмы и структуры данных\2-st course, 3-nd semester\Laboratory works\LBR_04\Solution\LBR_04\Graph.cpp(52,28): warning C4244: аргумент: преобразование "float" в "const unsigned int", возможна потеря данных
         D:\User\Desktop\EverythingForBSTU\Алгоритмы и структуры данных\2-st course, 3-nd semester\Laboratory works\LBR_04\Solution\LBR_04\Graph.cpp(52,31): warning C4244: аргумент: преобразование "float" в "const unsigned int", возможна потеря данных
         D:\User\Desktop\EverythingForBSTU\Алгоритмы и структуры данных\2-st course, 3-nd semester\Laboratory works\LBR_04\Solution\LBR_04\Graph.cpp(52,43): warning C4244: аргумент: преобразование "float" в "const unsigned int", возможна потеря данных
         D:\User\Desktop\EverythingForBSTU\Алгоритмы и структуры данных\2-st course, 3-nd semester\Laboratory works\LBR_04\Solution\LBR_04\Graph.cpp(52,46): warning C4244: аргумент: преобразование "float" в "const unsigned int", возможна потеря данных
         D:\User\Desktop\EverythingForBSTU\Алгоритмы и структуры данных\2-st course, 3-nd semester\Laboratory works\LBR_04\Solution\LBR_04\Graph.cpp(52,58): warning C4244: аргумент: преобразование "float" в "const unsigned int", возможна потеря данных
         D:\User\Desktop\EverythingForBSTU\Алгоритмы и структуры данных\2-st course, 3-nd semester\Laboratory works\LBR_04\Solution\LBR_04\Graph.cpp(52,61): warning C4244: аргумент: преобразование "float" в "const unsigned int", возможна потеря данных
         D:\User\Desktop\EverythingForBSTU\Алгоритмы и структуры данных\2-st course, 3-nd semester\Laboratory works\LBR_04\Solution\LBR_04\Graph.cpp(53,40): warning C4244: аргумент: преобразование "float" в "const unsigned int", возможна потеря данных
         D:\User\Desktop\EverythingForBSTU\Алгоритмы и структуры данных\2-st course, 3-nd semester\Laboratory works\LBR_04\Solution\LBR_04\Graph.cpp(53,43): warning C4244: аргумент: преобразование "float" в "const unsigned int", возможна потеря данных

    Предупреждений: 18
    Ошибок: 0

Прошло времени 00:00:01.37
