Сборка начата 23.11.2023 15:14:05.
Уровень детализации журнала: Normal.     1>Проект "D:\User\Desktop\EverythingForBSTU\Алгоритмы и структуры данных\2-st course, 3-nd semester\Laboratory works\LBR_06\Bad Variant\LBR_06\LBR_06.vcxproj" в узле 2 (целевые объекты Build).
     1>InitializeBuildStatus:
         Создание "Debug\LBR_06.tlog\unsuccessfulbuild", так как было задано "AlwaysCreate".
         Обращение к "Debug\LBR_06.tlog\unsuccessfulbuild".
       ClCompile:
         C:\Program Files\Microsoft Visual Studio\2022\Community\VC\Tools\MSVC\14.37.32822\bin\HostX86\x86\CL.exe /c /ZI /JMC /nologo /W3 /WX- /diagnostics:column /sdl /Od /Oy- /D WIN32 /D _DEBUG /D _CONSOLE /D _UNICODE /D UNICODE /Gm- /EHsc /RTC1 /MDd /GS /fp:precise /Zc:wchar_t /Zc:forScope /Zc:inline /permissive- /Fo"Debug\\" /Fd"Debug\vc143.pdb" /external:W3 /Gd /TP /analyze- /FC /errorReport:prompt OutputSequence.cpp FrequencyTable.cpp ImplementationOfTheHuffmanAlgorithm.cpp Main.cpp
         OutputSequence.cpp
         FrequencyTable.cpp
         ImplementationOfTheHuffmanAlgorithm.cpp
         Main.cpp
         Создание кода...
       Link:
         C:\Program Files\Microsoft Visual Studio\2022\Community\VC\Tools\MSVC\14.37.32822\bin\HostX86\x86\link.exe /ERRORREPORT:PROMPT /OUT:"D:\User\Desktop\EverythingForBSTU\Алгоритмы и структуры данных\2-st course, 3-nd semester\Laboratory works\LBR_06\Bad Variant\LBR_06\Debug\LBR_06.exe" /INCREMENTAL /ILK:"Debug\LBR_06.ilk" /NOLOGO kernel32.lib user32.lib gdi32.lib winspool.lib comdlg32.lib advapi32.lib shell32.lib ole32.lib oleaut32.lib uuid.lib odbc32.lib odbccp32.lib /MANIFEST /MANIFESTUAC:"level='asInvoker' uiAccess='false'" /manifest:embed /DEBUG /PDB:"D:\User\Desktop\EverythingForBSTU\Алгоритмы и структуры данных\2-st course, 3-nd semester\Laboratory works\LBR_06\Bad Variant\LBR_06\Debug\LBR_06.pdb" /SUBSYSTEM:CONSOLE /TLBID:1 /DYNAMICBASE /NXCOMPAT /IMPLIB:"D:\User\Desktop\EverythingForBSTU\Алгоритмы и структуры данных\2-st course, 3-nd semester\Laboratory works\LBR_06\Bad Variant\LBR_06\Debug\LBR_06.lib" /MACHINE:X86 Debug\OutputSequence.obj
         Debug\FrequencyTable.obj
         Debug\ImplementationOfTheHuffmanAlgorithm.obj
         Debug\Main.obj
         LBR_06.vcxproj -> D:\User\Desktop\EverythingForBSTU\Алгоритмы и структуры данных\2-st course, 3-nd semester\Laboratory works\LBR_06\Bad Variant\LBR_06\Debug\LBR_06.exe
       TlogCleanup:
         Следующие элементы будут удалены из tlogs, так как они были удалены из проекта или сборки: D:\User\Desktop\EverythingForBSTU\Алгоритмы и структуры данных\2-st course, 3-nd semester\Laboratory works\LBR_06\Solution\LBR_06\OutputSequence.cpp.
       FinalizeBuildStatus:
         Файл "Debug\LBR_06.tlog\unsuccessfulbuild" удаляется.
         Обращение к "Debug\LBR_06.tlog\LBR_06.lastbuildstate".
     1>Сборка проекта "D:\User\Desktop\EverythingForBSTU\Алгоритмы и структуры данных\2-st course, 3-nd semester\Laboratory works\LBR_06\Bad Variant\LBR_06\LBR_06.vcxproj" завершена (целевые объекты Build).

Сборка успешно завершена.
    Предупреждений: 0
    Ошибок: 0

Прошло времени 00:00:03.06
